<?xml version="1.0" encoding="UTF-8"?>
<!-- Generated by org.testng.reporters.JUnitReportReporter -->
<testsuite skipped="0" hostname="LAPTOP-GA9IC5MO" name="RaiseIssue.AddKBDocFlow" tests="9" failures="0" timestamp="2022-11-14T11:54:45 IST" time="185.887" errors="0">
  <testcase name="SignIn" time="30.568" classname="RaiseIssue.AddKBDocFlow"/>
  <system-out/>
  <testcase name="RaiseNewCase" time="17.773" classname="RaiseIssue.AddKBDocFlow"/>
  <system-out/>
  <testcase name="ReferenceData" time="24.865" classname="RaiseIssue.AddKBDocFlow"/>
  <system-out/>
  <testcase name="SearchingCase" time="10.594" classname="RaiseIssue.AddKBDocFlow"/>
  <system-out/>
  <testcase name="Assign" time="22.162" classname="RaiseIssue.AddKBDocFlow"/>
  <system-out/>
  <testcase name="Analysis" time="12.803" classname="RaiseIssue.AddKBDocFlow"/>
  <system-out/>
  <testcase name="AddKBDoc" time="52.137" classname="RaiseIssue.AddKBDocFlow"/>
  <system-out/>
  <testcase name="KBApproval" time="8.476" classname="RaiseIssue.AddKBDocFlow"/>
  <system-out/>
  <testcase name="UserApproval" time="6.509" classname="RaiseIssue.AddKBDocFlow"/>
  <system-out/>
</testsuite> <!-- RaiseIssue.AddKBDocFlow -->
