<?xml version="1.0" encoding="UTF-8"?>
<!-- Generated by org.testng.reporters.JUnitReportReporter -->
<testsuite skipped="0" hostname="LAPTOP-GA9IC5MO" name="RaiseIssue.ModuleFlow" tests="8" failures="0" timestamp="2022-11-14T11:49:43 IST" time="168.415" errors="0">
  <testcase name="SignIn" time="44.273" classname="RaiseIssue.ModuleFlow"/>
  <system-out/>
  <testcase name="RaiseNewCase" time="15.706" classname="RaiseIssue.ModuleFlow"/>
  <system-out/>
  <testcase name="ReferenceData" time="31.610" classname="RaiseIssue.ModuleFlow"/>
  <system-out/>
  <testcase name="SearchingCase" time="11.235" classname="RaiseIssue.ModuleFlow"/>
  <system-out/>
  <testcase name="Assign" time="23.042" classname="RaiseIssue.ModuleFlow"/>
  <system-out/>
  <testcase name="Analysis" time="14.869" classname="RaiseIssue.ModuleFlow"/>
  <system-out/>
  <testcase name="WorkingOnCase" time="18.993" classname="RaiseIssue.ModuleFlow"/>
  <system-out/>
  <testcase name="UserApproval" time="8.687" classname="RaiseIssue.ModuleFlow"/>
  <system-out/>
</testsuite> <!-- RaiseIssue.ModuleFlow -->
