<?xml version="1.0" encoding="UTF-8"?>
<!-- Generated by org.testng.reporters.JUnitReportReporter -->
<testsuite skipped="0" hostname="LAPTOP-GA9IC5MO" name="RaiseIssue.NoInfoFlow" tests="12" failures="0" timestamp="2022-11-14T12:00:12 IST" time="209.985" errors="0">
  <testcase name="SignIn" time="26.387" classname="RaiseIssue.NoInfoFlow"/>
  <system-out/>
  <testcase name="RaiseNewCase" time="15.878" classname="RaiseIssue.NoInfoFlow"/>
  <system-out/>
  <testcase name="ReferenceData" time="26.540" classname="RaiseIssue.NoInfoFlow"/>
  <system-out/>
  <testcase name="SearchingCase" time="10.019" classname="RaiseIssue.NoInfoFlow"/>
  <system-out/>
  <testcase name="Assign" time="23.117" classname="RaiseIssue.NoInfoFlow"/>
  <system-out/>
  <testcase name="Analysis" time="12.810" classname="RaiseIssue.NoInfoFlow"/>
  <system-out/>
  <testcase name="ReAssigned" time="18.612" classname="RaiseIssue.NoInfoFlow"/>
  <system-out/>
  <testcase name="SearchingCaseAfterAssign" time="10.596" classname="RaiseIssue.NoInfoFlow"/>
  <system-out/>
  <testcase name="ReAssign" time="22.878" classname="RaiseIssue.NoInfoFlow"/>
  <system-out/>
  <testcase name="AfterReassignAnalysis" time="14.437" classname="RaiseIssue.NoInfoFlow"/>
  <system-out/>
  <testcase name="WorkingOnCaseAfterReAssign" time="19.193" classname="RaiseIssue.NoInfoFlow"/>
  <system-out/>
  <testcase name="ReassignUserApproval" time="9.518" classname="RaiseIssue.NoInfoFlow"/>
  <system-out/>
</testsuite> <!-- RaiseIssue.NoInfoFlow -->
